C:\CPPPROJ\TASKGENERATOR\TASKGENERATOR\DEBUG\TASKGENERATOR.PCH
C:\CPPPROJ\TASKGENERATOR\TASKGENERATOR\DEBUG\STDAFX.OBJ
C:\CPPPROJ\TASKGENERATOR\TASKGENERATOR\DEBUG\VC110.PDB
C:\CPPPROJ\TASKGENERATOR\TASKGENERATOR\DEBUG\TASKGENERATOR.OBJ
C:\CPPPROJ\TASKGENERATOR\TASKGENERATOR\DEBUG\TASKGENERATORDLG.OBJ
C:\CPPPROJ\TASKGENERATOR\TASKGENERATOR\DEBUG\TASKREDACTIONDLG.OBJ
C:\CPPPROJ\TASKGENERATOR\DEBUG\TASKGENERATOR.ILK
C:\CPPPROJ\TASKGENERATOR\DEBUG\TASKGENERATOR.EXE
C:\CPPPROJ\TASKGENERATOR\DEBUG\TASKGENERATOR.PDB
C:\CPPPROJ\TASKGENERATOR\TASKGENERATOR\DEBUG\TASKGENERATOR.RES
C:\CppProj\TaskGenerator\TaskGenerator\Debug\stdafx.obj
C:\CppProj\TaskGenerator\TaskGenerator\Debug\TaskGenerator.obj
C:\CppProj\TaskGenerator\TaskGenerator\Debug\TaskGeneratorDlg.obj
C:\CppProj\TaskGenerator\TaskGenerator\Debug\TaskRedactionDlg.obj
C:\CppProj\TaskGenerator\TaskGenerator\Debug\cl.command.1.tlog
C:\CppProj\TaskGenerator\TaskGenerator\Debug\CL.read.1.tlog
C:\CppProj\TaskGenerator\TaskGenerator\Debug\CL.write.1.tlog
C:\CppProj\TaskGenerator\TaskGenerator\Debug\link-cvtres.read.1.tlog
C:\CppProj\TaskGenerator\TaskGenerator\Debug\link-cvtres.write.1.tlog
C:\CppProj\TaskGenerator\TaskGenerator\Debug\link-mt.read.1.tlog
C:\CppProj\TaskGenerator\TaskGenerator\Debug\link-mt.write.1.tlog
C:\CppProj\TaskGenerator\TaskGenerator\Debug\link-rc.read.1.tlog
C:\CppProj\TaskGenerator\TaskGenerator\Debug\link-rc.write.1.tlog
C:\CppProj\TaskGenerator\TaskGenerator\Debug\link.command.1.tlog
C:\CppProj\TaskGenerator\TaskGenerator\Debug\link.read.1.tlog
C:\CppProj\TaskGenerator\TaskGenerator\Debug\link.write.1.tlog
C:\CppProj\TaskGenerator\TaskGenerator\Debug\rc.command.1.tlog
C:\CppProj\TaskGenerator\TaskGenerator\Debug\rc.read.1.tlog
C:\CppProj\TaskGenerator\TaskGenerator\Debug\rc.write.1.tlog
C:\CppProj\TaskGenerator\TaskGenerator\Debug\TaskGenerator.res
C:\CppProj\TaskGenerator\TaskGenerator\Debug\TaskGenerator.pch
C:\CppProj\TaskGenerator\TaskGenerator\Debug\vc110.idb
C:\CppProj\TaskGenerator\TaskGenerator\Debug\vc110.pdb
C:\CppProj\TaskGenerator\Debug\TaskGenerator.pdb
C:\CppProj\TaskGenerator\Debug\TaskGenerator.exe
C:\CppProj\TaskGenerator\Debug\TaskGenerator.ilk
