C:\CPPPROJ\TASKGENERATOR\TASKGENERATOR\RELEASE\TASKGENERATOR.PCH
C:\CPPPROJ\TASKGENERATOR\TASKGENERATOR\RELEASE\STDAFX.OBJ
C:\CPPPROJ\TASKGENERATOR\TASKGENERATOR\RELEASE\VC110.PDB
C:\CPPPROJ\TASKGENERATOR\TASKGENERATOR\RELEASE\TASKREDACTIONDLG.OBJ
C:\CPPPROJ\TASKGENERATOR\TASKGENERATOR\RELEASE\TASKGENERATORDLG.OBJ
C:\CPPPROJ\TASKGENERATOR\TASKGENERATOR\RELEASE\TASKGENERATOR.OBJ
C:\CPPPROJ\TASKGENERATOR\RELEASE\TASKGENERATOR.EXE
C:\CPPPROJ\TASKGENERATOR\RELEASE\TASKGENERATOR.PDB
C:\CPPPROJ\TASKGENERATOR\TASKGENERATOR\RELEASE\TASKGENERATOR.RES
C:\CppProj\TaskGenerator\TaskGenerator\Release\stdafx.obj
C:\CppProj\TaskGenerator\TaskGenerator\Release\TaskGenerator.obj
C:\CppProj\TaskGenerator\TaskGenerator\Release\TaskGeneratorDlg.obj
C:\CppProj\TaskGenerator\TaskGenerator\Release\TaskRedactionDlg.obj
C:\CppProj\TaskGenerator\TaskGenerator\Release\cl.command.1.tlog
C:\CppProj\TaskGenerator\TaskGenerator\Release\CL.read.1.tlog
C:\CppProj\TaskGenerator\TaskGenerator\Release\CL.write.1.tlog
C:\CppProj\TaskGenerator\TaskGenerator\Release\link-cvtres.read.1.tlog
C:\CppProj\TaskGenerator\TaskGenerator\Release\link-cvtres.write.1.tlog
C:\CppProj\TaskGenerator\TaskGenerator\Release\link-mt.read.1.tlog
C:\CppProj\TaskGenerator\TaskGenerator\Release\link-mt.write.1.tlog
C:\CppProj\TaskGenerator\TaskGenerator\Release\link-rc.read.1.tlog
C:\CppProj\TaskGenerator\TaskGenerator\Release\link-rc.write.1.tlog
C:\CppProj\TaskGenerator\TaskGenerator\Release\link.command.1.tlog
C:\CppProj\TaskGenerator\TaskGenerator\Release\link.read.1.tlog
C:\CppProj\TaskGenerator\TaskGenerator\Release\link.write.1.tlog
C:\CppProj\TaskGenerator\TaskGenerator\Release\rc.command.1.tlog
C:\CppProj\TaskGenerator\TaskGenerator\Release\rc.read.1.tlog
C:\CppProj\TaskGenerator\TaskGenerator\Release\rc.write.1.tlog
C:\CppProj\TaskGenerator\TaskGenerator\Release\TaskGenerator.res
C:\CppProj\TaskGenerator\TaskGenerator\Release\TaskGenerator.pch
C:\CppProj\TaskGenerator\TaskGenerator\Release\vc110.pdb
C:\CppProj\TaskGenerator\Release\TaskGenerator.pdb
C:\CppProj\TaskGenerator\Release\TaskGenerator.exe
